d:\script\с++\lessons\debug\vc142.pdb
d:\script\с++\lessons\debug\vc142.idb
d:\script\с++\lessons\debug\teacherinitialsname.obj
d:\script\с++\lessons\debug\teachername.obj
d:\script\с++\lessons\debug\simplesubject.obj
d:\script\с++\lessons\debug\source.obj
d:\script\с++\lessons\debug\lessoninschedule.obj
d:\script\с++\lessons\debug\teacher.obj
d:\script\с++\lessons\debug\lesson.obj
d:\script\с++\lessons\debug\classroom.obj
d:\script\с++\lessons\debug\simpleclassroom.obj
d:\script\с++\lessons\debug\lessons.ilk
d:\script\с++\lessons\debug\lessons.exe
d:\script\с++\lessons\debug\lessons.pdb
d:\script\с++\lessons\debug\lessons.tlog\cl.command.1.tlog
d:\script\с++\lessons\debug\lessons.tlog\cl.read.1.tlog
d:\script\с++\lessons\debug\lessons.tlog\cl.write.1.tlog
d:\script\с++\lessons\debug\lessons.tlog\link.command.1.tlog
d:\script\с++\lessons\debug\lessons.tlog\link.read.1.tlog
d:\script\с++\lessons\debug\lessons.tlog\link.write.1.tlog
